<?xml version="1.0" encoding="UTF-8"?>
<!-- Generated by org.testng.reporters.JUnitReportReporter -->
<testsuite hostname="DESKTOP-1KUBH32" failures="0" tests="1" name="tests.Cart_Test" time="64.017" errors="0" timestamp="2020-11-20T13:31:22 IST" skipped="0">
  <testcase classname="tests.Cart_Test" name="verifyCart" time="64.017"/>
  <system-out/>
</testsuite> <!-- tests.Cart_Test -->
