<?xml version="1.0" encoding="UTF-8"?>
<!-- Generated by org.testng.reporters.JUnitReportReporter -->
<testsuite hostname="DESKTOP-1KUBH32" failures="0" tests="1" name="tests.CompleteTransaction_Test" time="72.700" errors="0" timestamp="2020-11-20T17:45:31 IST" skipped="0">
  <testcase classname="tests.CompleteTransaction_Test" name="verify_Transaction" time="72.700"/>
  <system-out/>
</testsuite> <!-- tests.CompleteTransaction_Test -->
